********************************************************************************
DUPLICATOR-LITE PACKAGE-LOG: 2017-10-09 20:32:15
NOTICE: Do NOT post to public sites or forums 
********************************************************************************
VERSION:	1.2.26
WORDPRESS:	4.8.1
PHP INFO:	7.1.6 | SAPI: apache2handler
SERVER:		Apache/2.2.32 (Unix) mod_wsgi/3.5 Python/2.7.13 PHP/7.1.6 mod_ssl/2.2.32 OpenSSL/1.0.2j DAV/2 mod_fastcgi/2.4.6 mod_perl/2.0.9 Perl/v5.24.0 
PHP TIME LIMIT: (0) no time limit imposed 
PHP MAX MEMORY: 2048M (128M default) 
MEMORY STACK: 14MB 

********************************************************************************
DATABASE:
********************************************************************************
BUILD MODE:   PHP(query limit - 100)
MYSQLTIMEOUT: 5000
MYSQLDUMP:    Not Supported 
TABLES: total:42 | filtered:0 | create:42 
FILTERED: [] 
SQL CREATED: 20171009_florinwp_9555d2c46932d3526321171009203124_database.sql 
SQL FILE SIZE: 1.23MB (1292243) 
SQL FILE TIME: 2017-10-09 20:32:15 
SQL RUNTIME: 0.17 sec. 

******************************************************************************** 
ARCHIVE (ZIP): 
******************************************************************************** 
ARCHIVE DIR:  /Users/dreea/web-projects/florin-wp 
ARCHIVE FILE: 20171009_florinwp_9555d2c46932d3526321171009203124_archive.zip 
FILTERS: *ON* 
DIRS:
	/Users/dreea/web-projects/florin-wp 
FILES:
	not set 
EXTS:  not set 
---------------------------------------- 
COMPRESSING 
SIZE:	0B 
STATS:	Dirs 0 | Files 0 
SQL ADDED: 20171009_florinwp_9555d2c46932d3526321171009203124_database.sql 
ZipArchive Object
(
    [status] => 0
    [statusSys] => 0
    [numFiles] => 1
    [filename] => /Users/dreea/web-projects/florin-wp/wp-snapshots/tmp/20171009_florinwp_9555d2c46932d3526321171009203124_archive.zip
    [comment] => 
)
 
COMPRESSION RESULT: '1' 
COMPRESSED SIZE: 320.03KB 
ARCHIVE RUNTIME: 0.20 sec. 
MEMORY STACK: 14MB 

******************************************************************************** 
MAKE INSTALLER: 
******************************************************************************** 
Build Start 
Build Finished 
Preping for use 
PACK SIZE:  
Template parsed with new data 
Complete [/Users/dreea/web-projects/florin-wp/wp-snapshots/tmp/20171009_florinwp_9555d2c46932d3526321171009203124_installer.php] 
Added to archive 

******************************************************************************** 
INTEGRITY CHECKS: 
******************************************************************************** 
SQL File: 1.23MB 
Installer File: 438.31KB 
Archive File: 320.03KB  

********************************************************************************
RECORD ID:[1]
TOTAL PROCESS RUNTIME: 0.68 sec.
PEAK PHP MEMORY USED: 18MB
DONE PROCESSING => 20171009_florinwp 2017-10-09 20:32:16
 
